#
# There is insufficient memory for the Java Runtime Environment to continue.
# Native memory allocation (mmap) failed to map 134217728 bytes for G1 virtual space
# Possible reasons:
#   The system is out of physical RAM or swap space
#   The process is running with CompressedOops enabled, and the Java Heap may be blocking the growth of the native heap
# Possible solutions:
#   Reduce memory load on the system
#   Increase physical memory or swap space
#   Check if swap backing store is full
#   Decrease Java heap size (-Xmx/-Xms)
#   Decrease number of Java threads
#   Decrease Java thread stack sizes (-Xss)
#   Set larger code cache with -XX:ReservedCodeCacheSize=
#   JVM is running with Unscaled Compressed Oops mode in which the Java heap is
#     placed in the first 4GB address space. The Java Heap base address is the
#     maximum limit for the native heap growth. Please use -XX:HeapBaseMinAddress
#     to set the Java Heap base and to place the Java Heap above 4GB virtual address.
# This output file may be truncated or incomplete.
#
#  Out of Memory Error (os_windows.cpp:3469), pid=13840, tid=2840
#
# JRE version:  (17.0.1+12) (build )
# Java VM: OpenJDK 64-Bit Server VM (17.0.1+12, mixed mode, sharing, tiered, compressed oops, compressed class ptrs, g1 gc, windows-amd64)
# No core dump will be written. Minidumps are not enabled by default on client versions of Windows
#

---------------  S U M M A R Y ------------

Command Line: -Dfile.encoding=Cp1252 -XX:+ShowCodeDetailsInExceptionMessages lms.Login_user

Host: Intel(R) Core(TM) i5-4278U CPU @ 2.60GHz, 4 cores, 7G,  Windows 10 , 64 bit Build 19041 (10.0.19041.1466)
Time: Mon Jan 24 16:34:55 2022 GTB Standard Time elapsed time: 0.028773 seconds (0d 0h 0m 0s)

---------------  T H R E A D  ---------------

Current thread (0x00000170427cb7f0):  JavaThread "Unknown thread" [_thread_in_vm, id=2840, stack(0x000000410f200000,0x000000410f300000)]

Stack: [0x000000410f200000,0x000000410f300000]
Native frames: (J=compiled Java code, j=interpreted, Vv=VM code, C=native code)
V  [jvm.dll+0x6744da]
V  [jvm.dll+0x82e144]
V  [jvm.dll+0x82f8ee]
V  [jvm.dll+0x82ff53]
V  [jvm.dll+0x245175]
V  [jvm.dll+0x6714c9]
V  [jvm.dll+0x665f92]
V  [jvm.dll+0x303c3b]
V  [jvm.dll+0x30b176]
V  [jvm.dll+0x35af1e]
V  [jvm.dll+0x35b14f]
V  [jvm.dll+0x2dab78]
V  [jvm.dll+0x2dbae4]
V  [jvm.dll+0x7ffdf1]
V  [jvm.dll+0x368c91]
V  [jvm.dll+0x7df2cc]
V  [jvm.dll+0x3eb59f]
V  [jvm.dll+0x3ed121]
C  [jli.dll+0x5277]
C  [ucrtbase.dll+0x21bb2]
C  [KERNEL32.DLL+0x17034]
C  [ntdll.dll+0x52651]


---------------  P R O C E S S  ---------------

Threads class SMR info:
_java_thread_list=0x00007ffde44d4e58, length=0, elements={
}

Java Threads: ( => current thread )

Other Threads:
  0x000001704280afd0 GCTaskThread "GC Thread#0" [stack: 0x000000410f300000,0x000000410f400000] [id=5952]
  0x000001704281bc50 ConcurrentGCThread "G1 Main Marker" [stack: 0x000000410f400000,0x000000410f500000] [id=13500]
  0x000001704281df50 ConcurrentGCThread "G1 Conc#0" [stack: 0x000000410f500000,0x000000410f600000] [id=13480]

[error occurred during error reporting (printing all threads), id 0xc0000005, EXCEPTION_ACCESS_VIOLATION (0xc0000005) at pc=0x00007ffde3cab5f7]

VM state: not at safepoint (not fully initialized)

VM Mutex/Monitor currently owned by a thread:  ([mutex/lock_event])
[0x00000170427b7160] Heap_lock - owner thread: 0x00000170427cb7f0

Heap address: 0x0000000081600000, size: 2026 MB, Compressed Oops mode: 32-bit

CDS archive(s) mapped at: [0x0000000000000000-0x0000000000000000-0x0000000000000000), size 0, SharedBaseAddress: 0x0000000800000000, ArchiveRelocationMode: 0.
Narrow klass base: 0x0000000000000000, Narrow klass shift: 0, Narrow klass range: 0x0

GC Precious Log:
<Empty>

Heap:
 garbage-first heap   total 0K, used 0K [0x0000000081600000, 0x0000000100000000)
  region size 1024K, 0 young (0K), 0 survivors (0K)

[error occurred during error reporting (printing heap information), id 0xc0000005, EXCEPTION_ACCESS_VIOLATION (0xc0000005) at pc=0x00007ffde408d729]

GC Heap History (0 events):
No events

Deoptimization events (0 events):
No events

Classes unloaded (0 events):
No events

Classes redefined (0 events):
No events

Internal exceptions (0 events):
No events

VM Operations (0 events):
No events

Events (1 events):
Event: 0.010 Loaded shared library C:\Users\Vlad\.p2\pool\plugins\org.eclipse.justj.openjdk.hotspot.jre.full.win32.x86_64_17.0.1.v20211116-1657\jre\bin\java.dll


Dynamic libraries:
0x00007ff7fa700000 - 0x00007ff7fa70e000 	C:\Users\Vlad\.p2\pool\plugins\org.eclipse.justj.openjdk.hotspot.jre.full.win32.x86_64_17.0.1.v20211116-1657\jre\bin\javaw.exe
0x00007ffe373d0000 - 0x00007ffe375c5000 	C:\Windows\SYSTEM32\ntdll.dll
0x00007ffe356c0000 - 0x00007ffe3577e000 	C:\Windows\System32\KERNEL32.DLL
0x00007ffe34bf0000 - 0x00007ffe34eb8000 	C:\Windows\System32\KERNELBASE.dll
0x00007ffe351b0000 - 0x00007ffe352b0000 	C:\Windows\System32\ucrtbase.dll
0x00007ffe2a740000 - 0x00007ffe2a758000 	C:\Users\Vlad\.p2\pool\plugins\org.eclipse.justj.openjdk.hotspot.jre.full.win32.x86_64_17.0.1.v20211116-1657\jre\bin\jli.dll
0x00007ffe36760000 - 0x00007ffe36901000 	C:\Windows\System32\USER32.dll
0x00007ffe34f50000 - 0x00007ffe34f72000 	C:\Windows\System32\win32u.dll
0x00007ffe36730000 - 0x00007ffe3675b000 	C:\Windows\System32\GDI32.dll
0x00007ffe34ae0000 - 0x00007ffe34bed000 	C:\Windows\System32\gdi32full.dll
0x00007ffe35110000 - 0x00007ffe351ad000 	C:\Windows\System32\msvcp_win.dll
0x00007ffe2a720000 - 0x00007ffe2a739000 	C:\Users\Vlad\.p2\pool\plugins\org.eclipse.justj.openjdk.hotspot.jre.full.win32.x86_64_17.0.1.v20211116-1657\jre\bin\VCRUNTIME140.dll
0x00007ffe1d020000 - 0x00007ffe1d2ba000 	C:\Windows\WinSxS\amd64_microsoft.windows.common-controls_6595b64144ccf1df_6.0.19041.1110_none_60b5254171f9507e\COMCTL32.dll
0x00007ffe358f0000 - 0x00007ffe3598e000 	C:\Windows\System32\msvcrt.dll
0x00007ffe37190000 - 0x00007ffe371c0000 	C:\Windows\System32\IMM32.DLL
0x00007ffe2a710000 - 0x00007ffe2a71c000 	C:\Users\Vlad\.p2\pool\plugins\org.eclipse.justj.openjdk.hotspot.jre.full.win32.x86_64_17.0.1.v20211116-1657\jre\bin\vcruntime140_1.dll
0x00007ffe2a670000 - 0x00007ffe2a701000 	C:\Users\Vlad\.p2\pool\plugins\org.eclipse.justj.openjdk.hotspot.jre.full.win32.x86_64_17.0.1.v20211116-1657\jre\bin\msvcp140.dll
0x00007ffde39c0000 - 0x00007ffde4606000 	C:\Users\Vlad\.p2\pool\plugins\org.eclipse.justj.openjdk.hotspot.jre.full.win32.x86_64_17.0.1.v20211116-1657\jre\bin\server\jvm.dll
0x00007ffe35ac0000 - 0x00007ffe35b6e000 	C:\Windows\System32\ADVAPI32.dll
0x00007ffe372f0000 - 0x00007ffe3738c000 	C:\Windows\System32\sechost.dll
0x00007ffe35b70000 - 0x00007ffe35c95000 	C:\Windows\System32\RPCRT4.dll
0x00007ffe35ca0000 - 0x00007ffe35ca8000 	C:\Windows\System32\PSAPI.DLL
0x00007ffe2f530000 - 0x00007ffe2f539000 	C:\Windows\SYSTEM32\WSOCK32.dll
0x00007ffe37110000 - 0x00007ffe3717b000 	C:\Windows\System32\WS2_32.dll
0x00007ffe21420000 - 0x00007ffe21447000 	C:\Windows\SYSTEM32\WINMM.dll
0x00007ffe2e130000 - 0x00007ffe2e13a000 	C:\Windows\SYSTEM32\VERSION.dll
0x00007ffe33360000 - 0x00007ffe33372000 	C:\Windows\SYSTEM32\kernel.appcore.dll
0x00007ffe2a520000 - 0x00007ffe2a52a000 	C:\Users\Vlad\.p2\pool\plugins\org.eclipse.justj.openjdk.hotspot.jre.full.win32.x86_64_17.0.1.v20211116-1657\jre\bin\jimage.dll
0x00007ffe32990000 - 0x00007ffe32b74000 	C:\Windows\SYSTEM32\DBGHELP.DLL
0x00007ffe26230000 - 0x00007ffe2625c000 	C:\Windows\SYSTEM32\dbgcore.DLL
0x00007ffe34ec0000 - 0x00007ffe34f42000 	C:\Windows\System32\bcryptPrimitives.dll
0x00007ffe04e60000 - 0x00007ffe04e85000 	C:\Users\Vlad\.p2\pool\plugins\org.eclipse.justj.openjdk.hotspot.jre.full.win32.x86_64_17.0.1.v20211116-1657\jre\bin\java.dll

dbghelp: loaded successfully - version: 4.0.5 - missing functions: none
symbol engine: initialized successfully - sym options: 0x614 - pdb path: .;C:\Users\Vlad\.p2\pool\plugins\org.eclipse.justj.openjdk.hotspot.jre.full.win32.x86_64_17.0.1.v20211116-1657\jre\bin;C:\Windows\SYSTEM32;C:\Windows\WinSxS\amd64_microsoft.windows.common-controls_6595b64144ccf1df_6.0.19041.1110_none_60b5254171f9507e;C:\Users\Vlad\.p2\pool\plugins\org.eclipse.justj.openjdk.hotspot.jre.full.win32.x86_64_17.0.1.v20211116-1657\jre\bin\server

VM Arguments:
jvm_args: -Dfile.encoding=Cp1252 -XX:+ShowCodeDetailsInExceptionMessages 
java_command: lms.Login_user
java_class_path (initial): C:\Vlad\faculta\an2_sem1\p3\proiectFinal\target\classes;C:\Users\Vlad\.p2\pool\plugins\org.junit.jupiter.api_5.8.1.v20211018-1956.jar;C:\Users\Vlad\.p2\pool\plugins\org.junit.jupiter.engine_5.8.1.v20211018-1956.jar;C:\Users\Vlad\.p2\pool\plugins\org.junit.jupiter.migrationsupport_5.8.1.v20211018-1956.jar;C:\Users\Vlad\.p2\pool\plugins\org.junit.jupiter.params_5.8.1.v20211018-1956.jar;C:\Users\Vlad\.p2\pool\plugins\org.junit.platform.commons_1.8.1.v20211018-1956.jar;C:\Users\Vlad\.p2\pool\plugins\org.junit.platform.engine_1.8.1.v20211018-1956.jar;C:\Users\Vlad\.p2\pool\plugins\org.junit.platform.launcher_1.8.1.v20211018-1956.jar;C:\Users\Vlad\.p2\pool\plugins\org.junit.platform.runner_1.8.1.v20211018-1956.jar;C:\Users\Vlad\.p2\pool\plugins\org.junit.platform.suite.api_1.8.1.v20211018-1956.jar;C:\Users\Vlad\.p2\pool\plugins\org.junit.platform.suite.engine_1.8.1.v20211028-1957.jar;C:\Users\Vlad\.p2\pool\plugins\org.junit.platform.suite.commons_1.8.1.v20211018-1956.jar;C:\Users\Vlad\.p2\pool\plugins\org.junit.vintage.engine_5.8.1.v20211018-1956.jar;C:\Users\Vlad\.p2\pool\plugins\org.opentest4j_1.2.0.v20211018-1956.jar;C:\Users\Vlad\.p2\pool\plugins\org.apiguardian_1.1.2.v20211018-1956.jar;C:\Users\Vlad\.p2\pool\plugins\org.junit_4.13.2.v20211018-1956.jar;C:\Users\Vlad\.p2\pool\plugins\org.hamcrest.core_1.3.0.v20180420-1519.jar;C:\Vlad\faculta\an2_sem1\p3\proiectOriginal\src\library\management\system\Jar\jcalendar-tz-1.3.3-4.jar;C:\Vlad\faculta\an2_sem1\p3\proiectOriginal\src\library\management\system\Jar\rs2xml.jar;C:\Users\Vlad\Downloads\mysql-connector-java-8.0.28\mysql-connector-java-8.0.28.jar
Launcher Type: SUN_STANDARD

[Global flags]
     intx CICompilerCount                          = 3                                         {product} {ergonomic}
     uint ConcGCThreads                            = 1                                         {product} {ergonomic}
     uint G1ConcRefinementThreads                  = 4                                         {product} {ergonomic}
   size_t G1HeapRegionSize                         = 1048576                                   {product} {ergonomic}
    uintx GCDrainStackTargetSize                   = 64                                        {product} {ergonomic}
   size_t InitialHeapSize                          = 134217728                                 {product} {ergonomic}
   size_t MarkStackSize                            = 4194304                                   {product} {ergonomic}
   size_t MaxHeapSize                              = 2124414976                                {product} {ergonomic}
   size_t MinHeapDeltaBytes                        = 1048576                                   {product} {ergonomic}
   size_t MinHeapSize                              = 8388608                                   {product} {ergonomic}
    uintx NonNMethodCodeHeapSize                   = 5832780                                {pd product} {ergonomic}
    uintx NonProfiledCodeHeapSize                  = 122912730                              {pd product} {ergonomic}
    uintx ProfiledCodeHeapSize                     = 122912730                              {pd product} {ergonomic}
    uintx ReservedCodeCacheSize                    = 251658240                              {pd product} {ergonomic}
     bool SegmentedCodeCache                       = true                                      {product} {ergonomic}
     bool ShowCodeDetailsInExceptionMessages       = true                                   {manageable} {command line}
   size_t SoftMaxHeapSize                          = 2124414976                             {manageable} {ergonomic}
     bool UseCompressedClassPointers               = true                           {product lp64_product} {ergonomic}
     bool UseCompressedOops                        = true                           {product lp64_product} {ergonomic}
     bool UseG1GC                                  = true                                      {product} {ergonomic}
     bool UseLargePagesIndividualAllocation        = false                                  {pd product} {ergonomic}

Logging:
Log output configuration:
 #0: stdout all=warning uptime,level,tags
 #1: stderr all=off uptime,level,tags

Environment Variables:
PATH=C:/Users/Vlad/.p2/pool/plugins/org.eclipse.justj.openjdk.hotspot.jre.full.win32.x86_64_17.0.1.v20211116-1657/jre/bin/server;C:/Users/Vlad/.p2/pool/plugins/org.eclipse.justj.openjdk.hotspot.jre.full.win32.x86_64_17.0.1.v20211116-1657/jre/bin;C:\Program Files (x86)\Intel\iCLS Client\;C:\Program Files\Intel\iCLS Client\;C:\Windows\system32;C:\Windows;C:\Windows\System32\Wbem;C:\Windows\System32\WindowsPowerShell\v1.0\;C:\Windows\System32\OpenSSH\;C:\Program Files\nodejs\;C:\Program Files\Git\cmd;C:\Program Files (x86)\Yarn\bin\;C:\Program Files\MySQL\MySQL Shell 8.0\bin\;C:\Users\Vlad\AppData\Local\Microsoft\WindowsApps;C:\Users\Vlad\AppData\Local\Programs\Microsoft VS Code\bin;C:\Users\Vlad\AppData\Roaming\npm;C:\Users\Vlad\AppData\Local\Yarn\bin;C:\MinGW\bin;;C:\Windows\system32;
USERNAME=Vlad
OS=Windows_NT
PROCESSOR_IDENTIFIER=Intel64 Family 6 Model 69 Stepping 1, GenuineIntel



---------------  S Y S T E M  ---------------

OS:
 Windows 10 , 64 bit Build 19041 (10.0.19041.1466)
OS uptime: 0 days 4:46 hours

CPU: total 4 (initial active 4) (2 cores per cpu, 2 threads per core) family 6 model 69 stepping 1 microcode 0x26, cx8, cmov, fxsr, ht, mmx, sse, sse2, sse3, ssse3, sse4.1, sse4.2, popcnt, lzcnt, tsc, tscinvbit, avx, avx2, aes, erms, clmul, bmi1, bmi2, fma, vzeroupper, clflush

Memory: 4k page, system-wide physical 8100M (3111M free)
TotalPageFile size 16816M (AvailPageFile size 55M)
current process WorkingSet (physical memory assigned to process): 10M, peak: 10M
current process commit charge ("private bytes"): 51M, peak: 179M

vm_info: OpenJDK 64-Bit Server VM (17.0.1+12) for windows-amd64 JRE (17.0.1+12), built on Oct 20 2021 07:42:55 by "" with MS VC++ 16.7 (VS2019)

END.
